10:21:26 INFO  : Launching XSCT server: xsct.bat -n  -interactive C:\Users\SidRay\Documents\topper\projs\git\spg_ecu\temp_xsdb_launch_script.tcl
10:21:26 INFO  : Registering command handlers for Vitis TCF services
10:21:28 INFO  : XSCT server has started successfully.
10:21:28 INFO  : Platform repository initialization has completed.
10:21:31 INFO  : Successfully done setting XSCT server connection channel  
10:21:31 INFO  : plnx-install-location is set to ''
10:21:31 INFO  : Successfully done query RDI_DATADIR 
10:21:31 INFO  : Successfully done setting workspace for the tool. 
11:24:57 INFO  : Result from executing command 'getProjects': spg_ecu_platform
11:24:57 INFO  : Result from executing command 'getPlatforms': 
11:25:39 INFO  : Result from executing command 'getProjects': spg_ecu_platform
11:25:39 INFO  : Result from executing command 'getPlatforms': spg_ecu_platform|C:/Users/SidRay/Documents/topper/projs/git/spg_ecu/spg_ecu_platform/export/spg_ecu_platform/spg_ecu_platform.xpfm
11:27:43 INFO  : Checking for BSP changes to sync application flags for project 'spg_ecu_bringup'...
11:29:02 INFO  : Generated template bif file for spg_ecu_bringup_system
11:29:22 INFO  : Invoking Bootgen: bootgen -image spg_ecu_bringup_system.bif -arch zynq -o C:/Users/SidRay/Documents/topper/projs/git/spg_ecu/spg_ecu_bringup_system/_ide/bootimage/BOOT.bin
11:29:23 INFO  : Bootgen command execution is done.
11:29:56 INFO  : Connected to target on host '127.0.0.1' and port '3121'.
11:29:56 INFO  : Jtag cable 'Digilent Zybo 210279777768A' is selected.
11:29:56 INFO  : 'jtag frequency' command is executed.
11:29:56 INFO  : Context for 'APU' is selected.
11:29:56 INFO  : System reset is completed.
11:29:59 INFO  : 'after 3000' command is executed.
11:29:59 INFO  : Context for 'APU' is selected.
11:29:59 INFO  : Hardware design and registers information is loaded from 'C:/Users/SidRay/Documents/topper/projs/git/spg_ecu/spg_ecu_platform/export/spg_ecu_platform/hw/design_1_wrapper.xsa'.
11:29:59 INFO  : 'configparams force-mem-access 1' command is executed.
11:29:59 INFO  : Context for 'APU' is selected.
11:29:59 INFO  : Sourcing of 'C:/Users/SidRay/Documents/topper/projs/git/spg_ecu/spg_ecu_bringup/_ide/psinit/ps7_init.tcl' is done.
11:30:00 INFO  : 'ps7_init' command is executed.
11:30:00 INFO  : 'ps7_post_config' command is executed.
11:30:00 INFO  : Context for processor 'ps7_cortexa9_0' is selected.
11:30:00 INFO  : The application 'C:/Users/SidRay/Documents/topper/projs/git/spg_ecu/spg_ecu_bringup/Debug/spg_ecu_bringup.elf' is downloaded to processor 'ps7_cortexa9_0'.
11:30:00 INFO  : 'configparams force-mem-access 0' command is executed.
11:30:00 INFO  : ----------------XSDB Script----------------
connect -url tcp:127.0.0.1:3121
targets -set -nocase -filter {name =~"APU*"}
rst -system
after 3000
targets -set -nocase -filter {name =~"APU*"}
loadhw -hw C:/Users/SidRay/Documents/topper/projs/git/spg_ecu/spg_ecu_platform/export/spg_ecu_platform/hw/design_1_wrapper.xsa -mem-ranges [list {0x40000000 0xbfffffff}] -regs
configparams force-mem-access 1
targets -set -nocase -filter {name =~"APU*"}
source C:/Users/SidRay/Documents/topper/projs/git/spg_ecu/spg_ecu_bringup/_ide/psinit/ps7_init.tcl
ps7_init
ps7_post_config
targets -set -nocase -filter {name =~ "*A9*#0"}
dow C:/Users/SidRay/Documents/topper/projs/git/spg_ecu/spg_ecu_bringup/Debug/spg_ecu_bringup.elf
configparams force-mem-access 0
----------------End of Script----------------

11:30:00 INFO  : Context for processor 'ps7_cortexa9_0' is selected.
11:30:00 INFO  : 'con' command is executed.
11:30:00 INFO  : ----------------XSDB Script (After Launch)----------------
targets -set -nocase -filter {name =~ "*A9*#0"}
con
----------------End of Script----------------

11:30:00 INFO  : Launch script is exported to file 'C:\Users\SidRay\Documents\topper\projs\git\spg_ecu\spg_ecu_bringup_system\_ide\scripts\debugger_spg_ecu_bringup-default.tcl'
11:31:01 INFO  : No changes in MSS file content so sources will not be generated.
11:34:52 ERROR : (XSDB Server)invalid command name "run"

11:34:55 ERROR : (XSDB Server)invoked "continue" outside of a loop

11:34:56 ERROR : (XSDB Server)invalid command name "go"

11:37:34 INFO  : Disconnected from the channel tcfchan#2.
11:37:35 INFO  : Connected to target on host '127.0.0.1' and port '3121'.
11:37:35 INFO  : Jtag cable 'Digilent Zybo 210279777768A' is selected.
11:37:35 INFO  : 'jtag frequency' command is executed.
11:37:35 INFO  : Context for 'APU' is selected.
11:37:35 INFO  : System reset is completed.
11:37:38 INFO  : 'after 3000' command is executed.
11:37:38 INFO  : 'targets -set -filter {jtag_cable_name =~ "Digilent Zybo 210279777768A" && level==0 && jtag_device_ctx=="jsn-Zybo-210279777768A-13722093-0"}' command is executed.
11:37:39 INFO  : Device configured successfully with "C:/Users/SidRay/Documents/topper/projs/git/spg_ecu/spg_ecu.runs/impl_1/design_1_wrapper.bit"
11:37:39 INFO  : Context for 'APU' is selected.
11:37:39 INFO  : Hardware design and registers information is loaded from 'C:/Users/SidRay/Documents/topper/projs/git/spg_ecu/spg_ecu_platform/export/spg_ecu_platform/hw/design_1_wrapper.xsa'.
11:37:39 INFO  : 'configparams force-mem-access 1' command is executed.
11:37:39 INFO  : Context for 'APU' is selected.
11:37:39 INFO  : Sourcing of 'C:/Users/SidRay/Documents/topper/projs/git/spg_ecu/spg_ecu_bringup/_ide/psinit/ps7_init.tcl' is done.
11:37:39 INFO  : 'ps7_init' command is executed.
11:37:39 INFO  : 'ps7_post_config' command is executed.
11:37:39 INFO  : Context for processor 'ps7_cortexa9_0' is selected.
11:37:40 INFO  : The application 'C:/Users/SidRay/Documents/topper/projs/git/spg_ecu/spg_ecu_bringup/Debug/spg_ecu_bringup.elf' is downloaded to processor 'ps7_cortexa9_0'.
11:37:40 INFO  : 'configparams force-mem-access 0' command is executed.
11:37:40 INFO  : ----------------XSDB Script----------------
connect -url tcp:127.0.0.1:3121
targets -set -nocase -filter {name =~"APU*"}
rst -system
after 3000
targets -set -filter {jtag_cable_name =~ "Digilent Zybo 210279777768A" && level==0 && jtag_device_ctx=="jsn-Zybo-210279777768A-13722093-0"}
fpga -file C:/Users/SidRay/Documents/topper/projs/git/spg_ecu/spg_ecu.runs/impl_1/design_1_wrapper.bit
targets -set -nocase -filter {name =~"APU*"}
loadhw -hw C:/Users/SidRay/Documents/topper/projs/git/spg_ecu/spg_ecu_platform/export/spg_ecu_platform/hw/design_1_wrapper.xsa -mem-ranges [list {0x40000000 0xbfffffff}] -regs
configparams force-mem-access 1
targets -set -nocase -filter {name =~"APU*"}
source C:/Users/SidRay/Documents/topper/projs/git/spg_ecu/spg_ecu_bringup/_ide/psinit/ps7_init.tcl
ps7_init
ps7_post_config
targets -set -nocase -filter {name =~ "*A9*#0"}
dow C:/Users/SidRay/Documents/topper/projs/git/spg_ecu/spg_ecu_bringup/Debug/spg_ecu_bringup.elf
configparams force-mem-access 0
----------------End of Script----------------

11:37:40 INFO  : Context for processor 'ps7_cortexa9_0' is selected.
11:37:40 INFO  : 'con' command is executed.
11:37:40 INFO  : ----------------XSDB Script (After Launch)----------------
targets -set -nocase -filter {name =~ "*A9*#0"}
con
----------------End of Script----------------

11:37:40 INFO  : Launch script is exported to file 'C:\Users\SidRay\Documents\topper\projs\git\spg_ecu\spg_ecu_bringup_system\_ide\scripts\debugger_spg_ecu_bringup-default.tcl'
