Copyright 1986-2020 Xilinx, Inc. All Rights Reserved.
--------------------------------------------------------------------------------------------------------------------------------------------------------------------------------------
| Tool Version : Vivado v.2020.2 (win64) Build 3064766 Wed Nov 18 09:12:45 MST 2020
| Date         : Fri Feb  3 14:14:29 2023
| Host         : LAPTOP-LRNTV21L running 64-bit major release  (build 9200)
| Command      : report_methodology -file design_1_wrapper_methodology_drc_routed.rpt -pb design_1_wrapper_methodology_drc_routed.pb -rpx design_1_wrapper_methodology_drc_routed.rpx
| Design       : design_1_wrapper
| Device       : xc7z010clg400-1
| Speed File   : -1
| Design State : Fully Routed
--------------------------------------------------------------------------------------------------------------------------------------------------------------------------------------

Report Methodology

Table of Contents
-----------------
1. REPORT SUMMARY
2. REPORT DETAILS

1. REPORT SUMMARY
-----------------
            Netlist: netlist
          Floorplan: design_1
      Design limits: <entire design considered>
             Max violations: <unlimited>
             Violations found: 7
+-----------+----------+-------------------------------+------------+
| Rule      | Severity | Description                   | Violations |
+-----------+----------+-------------------------------+------------+
| TIMING-18 | Warning  | Missing input or output delay | 7          |
+-----------+----------+-------------------------------+------------+

2. REPORT DETAILS
-----------------
TIMING-18#1 Warning
Missing input or output delay  
An output delay is missing on arduinoIO4Out relative to clock(s) clk_fpga_0
Related violations: <none>

TIMING-18#2 Warning
Missing input or output delay  
An output delay is missing on arduinoIO5Out relative to clock(s) clk_fpga_0
Related violations: <none>

TIMING-18#3 Warning
Missing input or output delay  
An output delay is missing on arduinoIO6Out relative to clock(s) clk_fpga_0
Related violations: <none>

TIMING-18#4 Warning
Missing input or output delay  
An output delay is missing on arduinoIO7Out relative to clock(s) clk_fpga_0
Related violations: <none>

TIMING-18#5 Warning
Missing input or output delay  
An output delay is missing on hbLedOut relative to clock(s) clk_fpga_0
Related violations: <none>

TIMING-18#6 Warning
Missing input or output delay  
An output delay is missing on hbOut relative to clock(s) clk_fpga_0
Related violations: <none>

TIMING-18#7 Warning
Missing input or output delay  
An output delay is missing on pwm0Out relative to clock(s) clk_fpga_0
Related violations: <none>


